\BOOKMARK [0][-]{chapter.1}{\376\377\000A\000b\000o\000u\000t}{}% 1
\BOOKMARK [0][-]{chapter.2}{\376\377\000O\000v\000e\000r\000v\000i\000e\000w\000\040\000o\000f\000\040\000O\000u\000r\000\040\000S\000y\000s\000t\000e\000m\040\031\000s\000\040\000F\000u\000n\000c\000t\000i\000o\000n\000a\000l\000i\000t\000y}{}% 2
\BOOKMARK [0][-]{chapter.3}{\376\377\000N\000o\000t\000e\000s}{}% 3
\BOOKMARK [0][-]{chapter.4}{\376\377\000C\000o\000n\000t\000e\000n\000t\000s}{}% 4
\BOOKMARK [1][-]{section.4.1}{\376\377\000A\000l\000g\000o\000r\000i\000t\000h\000m\000\040\000F\000a\000c\000t\000o\000r\000y}{chapter.4}% 5
\BOOKMARK [2][-]{subsection.4.1.1}{\376\377\000G\000e\000n\000e\000r\000a\000t\000e\000s\000\040\000a\000\040\000P\000a\000t\000h\000i\000n\000g\000A\000l\000g\000o\000r\000i\000t\000h\000m\000\040\000c\000l\000a\000s\000s\000\040\000t\000o\000\040\000b\000e\000\040\000u\000s\000e\000d\000\040\000b\000y\000\040\000h\000i\000g\000h\000e\000r\000\040\000l\000e\000v\000e\000l\000\040\000c\000o\000d\000e\000.}{section.4.1}% 6
\BOOKMARK [1][-]{section.4.2}{\376\377\000P\000r\000o\000j\000e\000c\000t\000\040\000B\000a\000c\000k\000g\000r\000o\000u\000n\000d}{chapter.4}% 7
\BOOKMARK [2][-]{subsection.4.2.1}{\376\377\000I\000n\000t\000r\000o\000d\000u\000c\000t\000i\000o\000n}{section.4.2}% 8
\BOOKMARK [2][-]{subsection.4.2.2}{\376\377\000O\000v\000e\000r\000v\000i\000e\000w\000\040\000o\000f\000\040\000F\000u\000n\000c\000t\000i\000o\000n\000a\000l\000i\000t\000y}{section.4.2}% 9
\BOOKMARK [2][-]{subsection.4.2.3}{\376\377\000P\000a\000t\000h\000-\000F\000i\000n\000d\000i\000n\000g\000\040\000A\000l\000g\000o\000r\000i\000t\000h\000m\000s}{section.4.2}% 10
\BOOKMARK [3][-]{subsubsection*.4}{\376\377\000R\000a\000p\000i\000d\000l\000y\000-\000E\000x\000p\000l\000o\000r\000i\000n\000g\000\040\000R\000a\000n\000d\000o\000m\000\040\000T\000r\000e\000e\000\040\000\050\000R\000R\000T\000\051}{subsection.4.2.3}% 11
\BOOKMARK [3][-]{subsubsection*.5}{\376\377\000A\000*\000\040\000A\000l\000g\000o\000r\000i\000t\000h\000m}{subsection.4.2.3}% 12
\BOOKMARK [3][-]{subsubsection*.6}{\376\377\000D\000i\000j\000k\000s\000t\000r\000a\040\031\000s\000\040\000A\000l\000g\000o\000r\000i\000t\000h\000m}{subsection.4.2.3}% 13
\BOOKMARK [3][-]{subsubsection*.7}{\376\377\000O\000b\000s\000t\000a\000c\000l\000e\000s}{subsection.4.2.3}% 14
\BOOKMARK [3][-]{subsubsection*.8}{\376\377\000V\000e\000h\000i\000c\000l\000e\000s}{subsection.4.2.3}% 15
\BOOKMARK [1][-]{section.4.3}{\376\377\000I\000n\000s\000t\000a\000l\000l\000i\000n\000g\000\040\000t\000h\000e\000\040\000L\000i\000b\000r\000a\000r\000y}{chapter.4}% 16
\BOOKMARK [1][-]{section.4.4}{\376\377\000S\000e\000t\000t\000i\000n\000g\000\040\000u\000p\000\040\000t\000h\000e\000\040\000I\000n\000t\000e\000r\000f\000a\000c\000e}{chapter.4}% 17
\BOOKMARK [1][-]{section.4.5}{\376\377\000A\000l\000g\000o\000r\000i\000t\000h\000m\000s}{chapter.4}% 18
\BOOKMARK [2][-]{subsection.4.5.1}{\376\377\000R\000R\000T}{section.4.5}% 19
\BOOKMARK [2][-]{subsection.4.5.2}{\376\377\000A\000*}{section.4.5}% 20
\BOOKMARK [1][-]{section.4.6}{\376\377\000O\000b\000s\000t\000a\000c\000l\000e\000s}{chapter.4}% 21
\BOOKMARK [1][-]{section.4.7}{\376\377\000V\000e\000h\000i\000c\000l\000e\000s}{chapter.4}% 22
\BOOKMARK [2][-]{subsection.4.7.1}{\376\377\000C\000a\000r}{section.4.7}% 23
\BOOKMARK [2][-]{subsection.4.7.2}{\376\377\000T\000r\000i\000c\000y\000c\000l\000e}{section.4.7}% 24
\BOOKMARK [2][-]{subsection.4.7.3}{\376\377\000U\000A\000V}{section.4.7}% 25
\BOOKMARK [1][-]{section.4.8}{\376\377\000P\000a\000t\000h\000i\000n\000g\000\040\000S\000i\000m\000u\000l\000a\000t\000o\000r}{chapter.4}% 26
\BOOKMARK [1][-]{section.4.9}{\376\377\000V\000i\000s\000u\000a\000l\000i\000z\000e\000r}{chapter.4}% 27
\BOOKMARK [1][-]{section.4.10}{\376\377\000U\000s\000i\000n\000g\000\040\000S\000p\000h\000i\000n\000x\000\040\000f\000o\000r\000\040\000D\000o\000c\000u\000m\000e\000n\000t\000a\000t\000i\000o\000n}{chapter.4}% 28
\BOOKMARK [2][-]{subsection.4.10.1}{\376\377\000O\000v\000e\000r\000v\000i\000e\000w}{section.4.10}% 29
\BOOKMARK [2][-]{subsection.4.10.2}{\376\377\000O\000t\000h\000e\000r\000\040\000R\000e\000s\000o\000u\000r\000c\000e\000s}{section.4.10}% 30
\BOOKMARK [1][-]{section.4.11}{\376\377\000I\000n\000d\000i\000c\000e\000s\000\040\000a\000n\000d\000\040\000t\000a\000b\000l\000e\000s}{chapter.4}% 31
\BOOKMARK [0][-]{section*.9}{\376\377\000I\000n\000d\000e\000x}{}% 32
